Traceback (most recent call last):
  File "/opt/hostedtoolcache/Python/3.9.16/x64/lib/python3.9/site-packages/jupyter_cache/executors/utils.py", line 58, in single_nb_execution
    executenb(
  File "/opt/hostedtoolcache/Python/3.9.16/x64/lib/python3.9/site-packages/nbclient/client.py", line 1204, in execute
    return NotebookClient(nb=nb, resources=resources, km=km, **kwargs).execute()
  File "/opt/hostedtoolcache/Python/3.9.16/x64/lib/python3.9/site-packages/nbclient/util.py", line 84, in wrapped
    return just_run(coro(*args, **kwargs))
  File "/opt/hostedtoolcache/Python/3.9.16/x64/lib/python3.9/site-packages/nbclient/util.py", line 62, in just_run
    return loop.run_until_complete(coro)
  File "/opt/hostedtoolcache/Python/3.9.16/x64/lib/python3.9/asyncio/base_events.py", line 647, in run_until_complete
    return future.result()
  File "/opt/hostedtoolcache/Python/3.9.16/x64/lib/python3.9/site-packages/nbclient/client.py", line 663, in async_execute
    await self.async_execute_cell(
  File "/opt/hostedtoolcache/Python/3.9.16/x64/lib/python3.9/site-packages/nbclient/client.py", line 965, in async_execute_cell
    await self._check_raise_for_error(cell, cell_index, exec_reply)
  File "/opt/hostedtoolcache/Python/3.9.16/x64/lib/python3.9/site-packages/nbclient/client.py", line 862, in _check_raise_for_error
    raise CellExecutionError.from_cell_and_msg(cell, exec_reply_content)
nbclient.exceptions.CellExecutionError: An error occurred while executing the following cell:
------------------
from policyengine_us import Microsimulation

ms = Microsimulation(dataset_year=2020)
(ms.calc("wa_working_families_tax_credit", period=2022).sum() / 1e6).round()
------------------

[0;31m---------------------------------------------------------------------------[0m
[0;31mTypeError[0m                                 Traceback (most recent call last)
Cell [0;32mIn[3], line 3[0m
[1;32m      1[0m [38;5;28;01mfrom[39;00m [38;5;21;01mpolicyengine_us[39;00m [38;5;28;01mimport[39;00m Microsimulation
[0;32m----> 3[0m ms [38;5;241m=[39m [43mMicrosimulation[49m[43m([49m[43mdataset_year[49m[38;5;241;43m=[39;49m[38;5;241;43m2020[39;49m[43m)[49m
[1;32m      4[0m (ms[38;5;241m.[39mcalc([38;5;124m"[39m[38;5;124mwa_working_families_tax_credit[39m[38;5;124m"[39m, period[38;5;241m=[39m[38;5;241m2022[39m)[38;5;241m.[39msum() [38;5;241m/[39m [38;5;241m1e6[39m)[38;5;241m.[39mround()

[0;31mTypeError[0m: __init__() got an unexpected keyword argument 'dataset_year'
TypeError: __init__() got an unexpected keyword argument 'dataset_year'

